C:\CYGWIN\HOME\OWNER\SRMUD\SRMUD\DEBUG\SRMUD.EXE
C:\CYGWIN\HOME\OWNER\SRMUD\SRMUD\DEBUG\SRMUD.ILK
C:\CYGWIN\HOME\OWNER\SRMUD\SRMUD\DEBUG\SRMUD.PDB
C:\CYGWIN\HOME\OWNER\SRMUD\SRMUD\SRMUD\DEBUG\ACT_COMM.OBJ
C:\CYGWIN\HOME\OWNER\SRMUD\SRMUD\SRMUD\DEBUG\ACT_ENTER.OBJ
C:\CYGWIN\HOME\OWNER\SRMUD\SRMUD\SRMUD\DEBUG\ACT_INFO.OBJ
C:\CYGWIN\HOME\OWNER\SRMUD\SRMUD\SRMUD\DEBUG\ACT_MOVE.OBJ
C:\CYGWIN\HOME\OWNER\SRMUD\SRMUD\SRMUD\DEBUG\ACT_OBJ.OBJ
C:\CYGWIN\HOME\OWNER\SRMUD\SRMUD\SRMUD\DEBUG\ACT_WIZ.OBJ
C:\CYGWIN\HOME\OWNER\SRMUD\SRMUD\SRMUD\DEBUG\ALIAS.OBJ
C:\CYGWIN\HOME\OWNER\SRMUD\SRMUD\SRMUD\DEBUG\BAN.OBJ
C:\CYGWIN\HOME\OWNER\SRMUD\SRMUD\SRMUD\DEBUG\BIT.OBJ
C:\cygwin\home\Owner\SRMud\SRmud\SRmud\Debug\cl.command.1.tlog
C:\cygwin\home\Owner\SRMud\SRmud\SRmud\Debug\CL.read.1.tlog
C:\cygwin\home\Owner\SRMud\SRmud\SRmud\Debug\CL.write.1.tlog
C:\CYGWIN\HOME\OWNER\SRMUD\SRMUD\SRMUD\DEBUG\CLAN.OBJ
C:\CYGWIN\HOME\OWNER\SRMUD\SRMUD\SRMUD\DEBUG\COMM.OBJ
C:\CYGWIN\HOME\OWNER\SRMUD\SRMUD\SRMUD\DEBUG\CONST.OBJ
C:\CYGWIN\HOME\OWNER\SRMUD\SRMUD\SRMUD\DEBUG\DB.OBJ
C:\CYGWIN\HOME\OWNER\SRMUD\SRMUD\SRMUD\DEBUG\DB2.OBJ
C:\CYGWIN\HOME\OWNER\SRMUD\SRMUD\SRMUD\DEBUG\EFFECTS.OBJ
C:\CYGWIN\HOME\OWNER\SRMUD\SRMUD\SRMUD\DEBUG\EVENT.OBJ
C:\CYGWIN\HOME\OWNER\SRMUD\SRMUD\SRMUD\DEBUG\FIGHT.OBJ
C:\CYGWIN\HOME\OWNER\SRMUD\SRMUD\SRMUD\DEBUG\FLAGS.OBJ
C:\CYGWIN\HOME\OWNER\SRMUD\SRMUD\SRMUD\DEBUG\HANDLER.OBJ
C:\CYGWIN\HOME\OWNER\SRMUD\SRMUD\SRMUD\DEBUG\HEALER.OBJ
C:\CYGWIN\HOME\OWNER\SRMUD\SRMUD\SRMUD\DEBUG\HEDIT.OBJ
C:\CYGWIN\HOME\OWNER\SRMUD\SRMUD\SRMUD\DEBUG\HOMES.OBJ
C:\CYGWIN\HOME\OWNER\SRMUD\SRMUD\SRMUD\DEBUG\INTERP.OBJ
C:\cygwin\home\Owner\SRMud\SRmud\SRmud\Debug\link.14872.read.1.tlog
C:\cygwin\home\Owner\SRMud\SRmud\SRmud\Debug\link.14872.write.1.tlog
C:\cygwin\home\Owner\SRMud\SRmud\SRmud\Debug\link.14872-cvtres.read.1.tlog
C:\cygwin\home\Owner\SRMud\SRmud\SRmud\Debug\link.14872-cvtres.write.1.tlog
C:\cygwin\home\Owner\SRMud\SRmud\SRmud\Debug\link.command.1.tlog
C:\cygwin\home\Owner\SRMud\SRmud\SRmud\Debug\link.read.1.tlog
C:\cygwin\home\Owner\SRMud\SRmud\SRmud\Debug\link.write.1.tlog
C:\cygwin\home\Owner\SRMud\SRmud\SRmud\Debug\link-cvtres.read.1.tlog
C:\cygwin\home\Owner\SRMud\SRmud\SRmud\Debug\link-cvtres.write.1.tlog
C:\CYGWIN\HOME\OWNER\SRMUD\SRMUD\SRMUD\DEBUG\LOOKUP.OBJ
C:\CYGWIN\HOME\OWNER\SRMUD\SRMUD\SRMUD\DEBUG\MAGIC.OBJ
C:\CYGWIN\HOME\OWNER\SRMUD\SRMUD\SRMUD\DEBUG\MAGIC2.OBJ
C:\CYGWIN\HOME\OWNER\SRMUD\SRMUD\SRMUD\DEBUG\MARRY.OBJ
C:\CYGWIN\HOME\OWNER\SRMUD\SRMUD\SRMUD\DEBUG\MEM.OBJ
C:\CYGWIN\HOME\OWNER\SRMUD\SRMUD\SRMUD\DEBUG\MOB_CMDS.OBJ
C:\CYGWIN\HOME\OWNER\SRMUD\SRMUD\SRMUD\DEBUG\MOB_PROG.OBJ
C:\CYGWIN\HOME\OWNER\SRMUD\SRMUD\SRMUD\DEBUG\MOUNT.OBJ
C:\cygwin\home\Owner\SRMud\SRmud\SRmud\Debug\mt.command.1.tlog
C:\cygwin\home\Owner\SRMud\SRmud\SRmud\Debug\mt.read.1.tlog
C:\cygwin\home\Owner\SRMud\SRmud\SRmud\Debug\mt.write.1.tlog
C:\CYGWIN\HOME\OWNER\SRMUD\SRMUD\SRMUD\DEBUG\MUSIC.OBJ
C:\CYGWIN\HOME\OWNER\SRMUD\SRMUD\SRMUD\DEBUG\NOTE.OBJ
C:\CYGWIN\HOME\OWNER\SRMUD\SRMUD\SRMUD\DEBUG\OLC.OBJ
C:\CYGWIN\HOME\OWNER\SRMUD\SRMUD\SRMUD\DEBUG\OLC_ACT.OBJ
C:\CYGWIN\HOME\OWNER\SRMUD\SRMUD\SRMUD\DEBUG\OLC_MPCODE.OBJ
C:\CYGWIN\HOME\OWNER\SRMUD\SRMUD\SRMUD\DEBUG\OLC_SAVE.OBJ
C:\CYGWIN\HOME\OWNER\SRMUD\SRMUD\SRMUD\DEBUG\ORG.OBJ
C:\CYGWIN\HOME\OWNER\SRMUD\SRMUD\SRMUD\DEBUG\PWIPE.OBJ
C:\CYGWIN\HOME\OWNER\SRMUD\SRMUD\SRMUD\DEBUG\QUEST.OBJ
C:\cygwin\home\Owner\SRMud\SRmud\SRmud\Debug\rc.command.1.tlog
C:\cygwin\home\Owner\SRMud\SRmud\SRmud\Debug\rc.read.1.tlog
C:\cygwin\home\Owner\SRMud\SRmud\SRmud\Debug\rc.write.1.tlog
C:\CYGWIN\HOME\OWNER\SRMUD\SRMUD\SRMUD\DEBUG\RECYCLE.OBJ
C:\CYGWIN\HOME\OWNER\SRMUD\SRMUD\SRMUD\DEBUG\REMORT.OBJ
C:\CYGWIN\HOME\OWNER\SRMUD\SRMUD\SRMUD\DEBUG\SAVE.OBJ
C:\CYGWIN\HOME\OWNER\SRMUD\SRMUD\SRMUD\DEBUG\SCAN.OBJ
C:\CYGWIN\HOME\OWNER\SRMUD\SRMUD\SRMUD\DEBUG\SEND.OBJ
C:\CYGWIN\HOME\OWNER\SRMUD\SRMUD\SRMUD\DEBUG\SKILLS.OBJ
C:\CYGWIN\HOME\OWNER\SRMUD\SRMUD\SRMUD\DEBUG\SMITH.OBJ
C:\CYGWIN\HOME\OWNER\SRMUD\SRMUD\SRMUD\DEBUG\SOCIAL_EDIT.OBJ
C:\CYGWIN\HOME\OWNER\SRMUD\SRMUD\SRMUD\DEBUG\SPECIAL.OBJ
C:\CYGWIN\HOME\OWNER\SRMUD\SRMUD\SRMUD\DEBUG\SRMUD.EXE.EMBED.MANIFEST
C:\CYGWIN\HOME\OWNER\SRMUD\SRMUD\SRMUD\DEBUG\SRMUD.EXE.EMBED.MANIFEST.RES
C:\CYGWIN\HOME\OWNER\SRMUD\SRMUD\SRMUD\DEBUG\SRMUD.EXE.INTERMEDIATE.MANIFEST
C:\cygwin\home\Owner\SRMud\SRmud\SRmud\Debug\SRmud_manifest.rc
C:\CYGWIN\HOME\OWNER\SRMUD\SRMUD\SRMUD\DEBUG\STARMAP.OBJ
C:\CYGWIN\HOME\OWNER\SRMUD\SRMUD\SRMUD\DEBUG\STRING.OBJ
C:\CYGWIN\HOME\OWNER\SRMUD\SRMUD\SRMUD\DEBUG\TABLES.OBJ
C:\CYGWIN\HOME\OWNER\SRMUD\SRMUD\SRMUD\DEBUG\TEST.OBJ
C:\CYGWIN\HOME\OWNER\SRMUD\SRMUD\SRMUD\DEBUG\TOKEN.OBJ
C:\CYGWIN\HOME\OWNER\SRMUD\SRMUD\SRMUD\DEBUG\UPDATE.OBJ
C:\CYGWIN\HOME\OWNER\SRMUD\SRMUD\SRMUD\DEBUG\VAMP.OBJ
C:\cygwin\home\Owner\SRMud\SRmud\SRmud\Debug\vc100.idb
C:\CYGWIN\HOME\OWNER\SRMUD\SRMUD\SRMUD\DEBUG\VC100.PDB
C:\CYGWIN\HOME\OWNER\SRMUD\SRMUD\SRMUD\DEBUG\WEATHER.OBJ
C:\CYGWIN\HOME\OWNER\SRMUD\SRMUD\SRMUD\DEBUG\WIZLIST.OBJ
