Build started 11/15/2012 5:13:53 AM.
     1>Project "C:\cygwin\home\Owner\SRMud\SRmud\SRmud\SRmud.vcxproj" on node 2 (build target(s)).
     1>InitializeBuildStatus:
         Creating "Debug\SRmud.unsuccessfulbuild" because "AlwaysCreate" was specified.
       ClCompile:
         c:\Program Files (x86)\Microsoft Visual Studio 10.0\VC\bin\CL.exe /c /ZI /nologo /W2 /WX- /Od /Oy- /D WIN32 /D _DEBUG /D _CONSOLE /D _UNICODE /D UNICODE /Gm /EHsc /RTC1 /MDd /GS /fp:precise /Zc:wchar_t /Zc:forScope /Fo"Debug\\" /Fd"Debug\vc100.pdb" /Gd /TC /analyze- /errorReport:prompt ..\..\src\vamp.c
         vamp.c
     1>c:\cygwin\home\owner\srmud\src\merc.h(52): warning C4273: 'unlink' : inconsistent dll linkage
                 c:\program files (x86)\microsoft visual studio 10.0\vc\include\stdio.h(299) : see previous definition of 'unlink'
     1>c:\cygwin\home\owner\srmud\src\merc.h(53): warning C4273: 'system' : inconsistent dll linkage
                 c:\program files (x86)\microsoft visual studio 10.0\vc\include\stdlib.h(520) : see previous definition of 'system'
       ManifestResourceCompile:
         All outputs are up-to-date.
       Link:
         c:\Program Files (x86)\Microsoft Visual Studio 10.0\VC\bin\link.exe /ERRORREPORT:PROMPT /OUT:"C:\cygwin\home\Owner\SRMud\SRmud\Debug\SRmud.exe" /INCREMENTAL /NOLOGO kernel32.lib user32.lib gdi32.lib winspool.lib comdlg32.lib advapi32.lib shell32.lib ole32.lib oleaut32.lib uuid.lib odbc32.lib wsock32.lib odbccp32.lib kernel32.lib user32.lib gdi32.lib winspool.lib comdlg32.lib advapi32.lib shell32.lib ole32.lib oleaut32.lib uuid.lib odbc32.lib odbccp32.lib /MANIFEST /ManifestFile:"Debug\SRmud.exe.intermediate.manifest" /MANIFESTUAC:"level='asInvoker' uiAccess='false'" /DEBUG /PDB:"C:\cygwin\home\Owner\SRMud\SRmud\Debug\SRmud.pdb" /SUBSYSTEM:CONSOLE /TLBID:1 /DYNAMICBASE /NXCOMPAT /IMPLIB:"C:\cygwin\home\Owner\SRMud\SRmud\Debug\SRmud.lib" /MACHINE:X86 Debug\SRmud.exe.embed.manifest.res
         Debug\act_comm.obj
         Debug\act_enter.obj
         Debug\act_info.obj
         Debug\act_move.obj
         Debug\act_obj.obj
         Debug\act_wiz.obj
         Debug\alias.obj
         Debug\ban.obj
         Debug\bit.obj
         Debug\clan.obj
         Debug\comm.obj
         Debug\const.obj
         Debug\db.obj
         Debug\db2.obj
         Debug\delay.obj
         Debug\effects.obj
         Debug\event.obj
         Debug\fight.obj
         Debug\flags.obj
         Debug\handler.obj
         Debug\healer.obj
         Debug\hedit.obj
         Debug\homes.obj
         Debug\interp.obj
         Debug\lookup.obj
         Debug\magic.obj
         Debug\magic2.obj
         Debug\marry.obj
         Debug\mem.obj
         Debug\mob_cmds.obj
         Debug\mob_prog.obj
         Debug\mount.obj
         Debug\music.obj
         Debug\note.obj
         Debug\olc.obj
         Debug\olc_act.obj
         Debug\olc_mpcode.obj
         Debug\olc_save.obj
         Debug\org.obj
         Debug\pwipe.obj
         Debug\quest.obj
         Debug\recycle.obj
         Debug\remort.obj
         Debug\save.obj
         Debug\scan.obj
         Debug\send.obj
         Debug\skills.obj
         Debug\smith.obj
         Debug\social_edit.obj
         Debug\special.obj
         Debug\starmap.obj
         Debug\string.obj
         Debug\tables.obj
         Debug\test.obj
         Debug\token.obj
         Debug\update.obj
         Debug\vamp.obj
         Debug\weather.obj
         Debug\wizlist.obj
       Manifest:
         C:\Program Files (x86)\Microsoft SDKs\Windows\v7.0A\bin\mt.exe /nologo /verbose /out:"Debug\SRmud.exe.embed.manifest" /manifest Debug\SRmud.exe.intermediate.manifest
         All outputs are up-to-date.
       LinkEmbedManifest:
         All outputs are up-to-date.
         SRmud.vcxproj -> C:\cygwin\home\Owner\SRMud\SRmud\Debug\SRmud.exe
       FinalizeBuildStatus:
         Deleting file "Debug\SRmud.unsuccessfulbuild".
         Touching "Debug\SRmud.lastbuildstate".
     1>Done Building Project "C:\cygwin\home\Owner\SRMud\SRmud\SRmud\SRmud.vcxproj" (build target(s)).

Build succeeded.

Time Elapsed 00:00:00.49
